#
# There is insufficient memory for the Java Runtime Environment to continue.
# Native memory allocation (mmap) failed to map 98566144 bytes for G1 virtual space
# Possible reasons:
#   The system is out of physical RAM or swap space
#   The process is running with CompressedOops enabled, and the Java Heap may be blocking the growth of the native heap
# Possible solutions:
#   Reduce memory load on the system
#   Increase physical memory or swap space
#   Check if swap backing store is full
#   Decrease Java heap size (-Xmx/-Xms)
#   Decrease number of Java threads
#   Decrease Java thread stack sizes (-Xss)
#   Set larger code cache with -XX:ReservedCodeCacheSize=
#   JVM is running with Unscaled Compressed Oops mode in which the Java heap is
#     placed in the first 4GB address space. The Java Heap base address is the
#     maximum limit for the native heap growth. Please use -XX:HeapBaseMinAddress
#     to set the Java Heap base and to place the Java Heap above 4GB virtual address.
# This output file may be truncated or incomplete.
#
#  Out of Memory Error (os_windows.cpp:3550), pid=54804, tid=39540
#
# JRE version:  (17.0.8+9) (build )
# Java VM: Java HotSpot(TM) 64-Bit Server VM (17.0.8+9-LTS-211, mixed mode, sharing, tiered, compressed oops, compressed class ptrs, g1 gc, windows-amd64)
# No core dump will be written. Minidumps are not enabled by default on client versions of Windows
#

---------------  S U M M A R Y ------------

Command Line: -javaagent:C:\Program Files\JetBrains\IntelliJ IDEA Educational Edition 2022.2.2\lib\idea_rt.jar=56596:C:\Program Files\JetBrains\IntelliJ IDEA Educational Edition 2022.2.2\bin -Dfile.encoding=UTF-8 com.lira.eurekaserver.EurekaserverApplication

Host: AMD Ryzen 7 5700U with Radeon Graphics         , 16 cores, 5G,  Windows 11 , 64 bit Build 22621 (10.0.22621.2506)
Time: Fri Feb  9 05:57:11 2024 Hora Padrão da Bahia elapsed time: 0.046417 seconds (0d 0h 0m 0s)

---------------  T H R E A D  ---------------

Current thread (0x0000021ef6ac93a0):  JavaThread "Unknown thread" [_thread_in_vm, id=39540, stack(0x00000029ef900000,0x00000029efa00000)]

Stack: [0x00000029ef900000,0x00000029efa00000]
Native frames: (J=compiled Java code, j=interpreted, Vv=VM code, C=native code)
V  [jvm.dll+0x677d0a]
V  [jvm.dll+0x7d8c54]
V  [jvm.dll+0x7da3fe]
V  [jvm.dll+0x7daa63]
V  [jvm.dll+0x245c5f]
V  [jvm.dll+0x674bb9]
V  [jvm.dll+0x6694f2]
V  [jvm.dll+0x3031d6]
V  [jvm.dll+0x30a756]
V  [jvm.dll+0x359f9e]
V  [jvm.dll+0x35a1cf]
V  [jvm.dll+0x2da3e8]
V  [jvm.dll+0x2db354]
V  [jvm.dll+0x7aa711]
V  [jvm.dll+0x367b51]
V  [jvm.dll+0x789979]
V  [jvm.dll+0x3eb05f]
V  [jvm.dll+0x3ecae1]
C  [jli.dll+0x5297]
C  [ucrtbase.dll+0x29363]
C  [KERNEL32.DLL+0x1257d]
C  [ntdll.dll+0x5aa58]


---------------  P R O C E S S  ---------------

Threads class SMR info:
_java_thread_list=0x00007fff550959d8, length=0, elements={
}

Java Threads: ( => current thread )

Other Threads:
  0x0000021ef6b154e0 GCTaskThread "GC Thread#0" [stack: 0x00000029efa00000,0x00000029efb00000] [id=18316]
  0x0000021ef6b21ef0 ConcurrentGCThread "G1 Main Marker" [stack: 0x00000029efb00000,0x00000029efc00000] [id=32876]
  0x0000021ef6b22810 ConcurrentGCThread "G1 Conc#0" [stack: 0x00000029efc00000,0x00000029efd00000] [id=30340]

[error occurred during error reporting (printing all threads), id 0xc0000005, EXCEPTION_ACCESS_VIOLATION (0xc0000005) at pc=0x00007fff548cb047]

VM state: not at safepoint (not fully initialized)

VM Mutex/Monitor currently owned by a thread:  ([mutex/lock_event])
[0x0000021ef6ac3b00] Heap_lock - owner thread: 0x0000021ef6ac93a0

Heap address: 0x00000000a2200000, size: 1502 MB, Compressed Oops mode: 32-bit

CDS archive(s) mapped at: [0x0000000000000000-0x0000000000000000-0x0000000000000000), size 0, SharedBaseAddress: 0x0000000800000000, ArchiveRelocationMode: 1.
Narrow klass base: 0x0000000000000000, Narrow klass shift: 0, Narrow klass range: 0x0

GC Precious Log:
<Empty>

Heap:
 garbage-first heap   total 0K, used 0K [0x00000000a2200000, 0x0000000100000000)
  region size 1024K, 0 young (0K), 0 survivors (0K)

[error occurred during error reporting (printing heap information), id 0xc0000005, EXCEPTION_ACCESS_VIOLATION (0xc0000005) at pc=0x00007fff54cb1499]

GC Heap History (0 events):
No events

Deoptimization events (0 events):
No events

Classes unloaded (0 events):
No events

Classes redefined (0 events):
No events

Internal exceptions (0 events):
No events

VM Operations (0 events):
No events

Events (1 events):
Event: 0.027 Loaded shared library C:\Program Files\Java\jdk-17\bin\java.dll


Dynamic libraries:
0x00007ff76da70000 - 0x00007ff76da80000 	C:\Program Files\Java\jdk-17\bin\java.exe
0x00007ff830390000 - 0x00007ff8305a7000 	C:\WINDOWS\SYSTEM32\ntdll.dll
0x00007ff802480000 - 0x00007ff802499000 	C:\Program Files\Avast Software\Avast\aswhook.dll
0x00007ff82fcd0000 - 0x00007ff82fd94000 	C:\WINDOWS\System32\KERNEL32.DLL
0x00007ff82d700000 - 0x00007ff82daa6000 	C:\WINDOWS\System32\KERNELBASE.dll
0x00007ff82de00000 - 0x00007ff82df11000 	C:\WINDOWS\System32\ucrtbase.dll
0x00007ff8025c0000 - 0x00007ff8025db000 	C:\Program Files\Java\jdk-17\bin\VCRUNTIME140.dll
0x00007ffffe410000 - 0x00007ffffe429000 	C:\Program Files\Java\jdk-17\bin\jli.dll
0x00007ff82f450000 - 0x00007ff82f503000 	C:\WINDOWS\System32\ADVAPI32.dll
0x00007ff82e100000 - 0x00007ff82e1a7000 	C:\WINDOWS\System32\msvcrt.dll
0x00007ff830080000 - 0x00007ff830128000 	C:\WINDOWS\System32\sechost.dll
0x00007ff82d6d0000 - 0x00007ff82d6f8000 	C:\WINDOWS\System32\bcrypt.dll
0x00007ff8301b0000 - 0x00007ff8302c7000 	C:\WINDOWS\System32\RPCRT4.dll
0x00007ff82f1c0000 - 0x00007ff82f36e000 	C:\WINDOWS\System32\USER32.dll
0x00007ff82ddd0000 - 0x00007ff82ddf6000 	C:\WINDOWS\System32\win32u.dll
0x00007ff82fa00000 - 0x00007ff82fa29000 	C:\WINDOWS\System32\GDI32.dll
0x00007ff82dfc0000 - 0x00007ff82e0d8000 	C:\WINDOWS\System32\gdi32full.dll
0x00007ff82df20000 - 0x00007ff82dfba000 	C:\WINDOWS\System32\msvcp_win.dll
0x00007ff809da0000 - 0x00007ff80a033000 	C:\WINDOWS\WinSxS\amd64_microsoft.windows.common-controls_6595b64144ccf1df_6.0.22621.2506_none_270c5ae97388e100\COMCTL32.dll
0x00007ff823730000 - 0x00007ff82373a000 	C:\WINDOWS\SYSTEM32\VERSION.dll
0x00007ff82e1b0000 - 0x00007ff82e1e1000 	C:\WINDOWS\System32\IMM32.DLL
0x00007ff8045f0000 - 0x00007ff8045fc000 	C:\Program Files\Java\jdk-17\bin\vcruntime140_1.dll
0x00007fffd9de0000 - 0x00007fffd9e6e000 	C:\Program Files\Java\jdk-17\bin\msvcp140.dll
0x00007fff545e0000 - 0x00007fff551be000 	C:\Program Files\Java\jdk-17\bin\server\jvm.dll
0x00007ff82e4a0000 - 0x00007ff82e4a8000 	C:\WINDOWS\System32\PSAPI.DLL
0x00007ff81bfe0000 - 0x00007ff81bfe9000 	C:\WINDOWS\SYSTEM32\WSOCK32.dll
0x00007ff824fb0000 - 0x00007ff824fe4000 	C:\WINDOWS\SYSTEM32\WINMM.dll
0x00007ff8302d0000 - 0x00007ff830341000 	C:\WINDOWS\System32\WS2_32.dll
0x00007ff82c6d0000 - 0x00007ff82c6e8000 	C:\WINDOWS\SYSTEM32\kernel.appcore.dll
0x00007ff804070000 - 0x00007ff80407a000 	C:\Program Files\Java\jdk-17\bin\jimage.dll
0x00007ff82b0d0000 - 0x00007ff82b303000 	C:\WINDOWS\SYSTEM32\DBGHELP.DLL
0x00007ff82e540000 - 0x00007ff82e8c9000 	C:\WINDOWS\System32\combase.dll
0x00007ff82f370000 - 0x00007ff82f447000 	C:\WINDOWS\System32\OLEAUT32.dll
0x00007ff81f630000 - 0x00007ff81f662000 	C:\WINDOWS\SYSTEM32\dbgcore.DLL
0x00007ff82dbe0000 - 0x00007ff82dc5a000 	C:\WINDOWS\System32\bcryptPrimitives.dll
0x00007ffffe060000 - 0x00007ffffe06e000 	C:\Program Files\Java\jdk-17\bin\instrument.dll
0x00007ffffa8b0000 - 0x00007ffffa8d5000 	C:\Program Files\Java\jdk-17\bin\java.dll

dbghelp: loaded successfully - version: 4.0.5 - missing functions: none
symbol engine: initialized successfully - sym options: 0x614 - pdb path: .;C:\Program Files\Java\jdk-17\bin;C:\WINDOWS\SYSTEM32;C:\Program Files\Avast Software\Avast;C:\WINDOWS\WinSxS\amd64_microsoft.windows.common-controls_6595b64144ccf1df_6.0.22621.2506_none_270c5ae97388e100;C:\Program Files\Java\jdk-17\bin\server

VM Arguments:
jvm_args: -javaagent:C:\Program Files\JetBrains\IntelliJ IDEA Educational Edition 2022.2.2\lib\idea_rt.jar=56596:C:\Program Files\JetBrains\IntelliJ IDEA Educational Edition 2022.2.2\bin -Dfile.encoding=UTF-8 
java_command: com.lira.eurekaserver.EurekaserverApplication
java_class_path (initial): C:\Workspace\eureka\eurekaserver\target\classes;C:\Users\Zelto Lira\.m2\repository\org\springframework\cloud\spring-cloud-starter-netflix-eureka-server\3.1.1\spring-cloud-starter-netflix-eureka-server-3.1.1.jar;C:\Users\Zelto Lira\.m2\repository\org\springframework\cloud\spring-cloud-starter\3.1.1\spring-cloud-starter-3.1.1.jar;C:\Users\Zelto Lira\.m2\repository\org\springframework\cloud\spring-cloud-context\3.1.1\spring-cloud-context-3.1.1.jar;C:\Users\Zelto Lira\.m2\repository\org\springframework\security\spring-security-crypto\5.6.2\spring-security-crypto-5.6.2.jar;C:\Users\Zelto Lira\.m2\repository\org\springframework\cloud\spring-cloud-commons\3.1.1\spring-cloud-commons-3.1.1.jar;C:\Users\Zelto Lira\.m2\repository\org\springframework\security\spring-security-rsa\1.0.10.RELEASE\spring-security-rsa-1.0.10.RELEASE.jar;C:\Users\Zelto Lira\.m2\repository\org\bouncycastle\bcpkix-jdk15on\1.68\bcpkix-jdk15on-1.68.jar;C:\Users\Zelto Lira\.m2\repository\org\bouncycastle\bcprov-jdk15on\1.68\bcprov-jdk15on-1.68.jar;C:\Users\Zelto Lira\.m2\repository\org\springframework\cloud\spring-cloud-netflix-eureka-server\3.1.1\spring-cloud-netflix-eureka-server-3.1.1.jar;C:\Users\Zelto Lira\.m2\repository\org\springframework\boot\spring-boot-starter-web\2.6.4\spring-boot-starter-web-2.6.4.jar;C:\Users\Zelto Lira\.m2\repository\org\springframework\boot\spring-boot-starter-json\2.6.4\spring-boot-starter-json-2.6.4.jar;C:\Users\Zelto Lira\.m2\repository\com\fasterxml\jackson\datatype\jackson-datatype-jdk8\2.13.1\jackson-datatype-jdk8-2.13.1.jar;C:\Users\Zelto Lira\.m2\repository\com\fasterxml\jackson\datatype\jackson-datatype-jsr310\2.13.1\jackson-datatype-jsr310-2.13.1.jar;C:\Users\Zelto Lira\.m2\repository\com\fasterxml\jackson\module\jackson-module-parameter-names\2.13.1\jackson-module-parameter-names-2.13.1.jar;C:\Users\Zelto Lira\.m2\repository\org\springframework\boot\spring-boot-starter-tomcat\2.6.4\spring-boot-starter-tomcat-2.6.4.jar;C:\Users\Zelto L
Launcher Type: SUN_STANDARD

[Global flags]
     intx CICompilerCount                          = 12                                        {product} {ergonomic}
     uint ConcGCThreads                            = 3                                         {product} {ergonomic}
     uint G1ConcRefinementThreads                  = 13                                        {product} {ergonomic}
   size_t G1HeapRegionSize                         = 1048576                                   {product} {ergonomic}
    uintx GCDrainStackTargetSize                   = 64                                        {product} {ergonomic}
   size_t InitialHeapSize                          = 98566144                                  {product} {ergonomic}
   size_t MarkStackSize                            = 4194304                                   {product} {ergonomic}
   size_t MaxHeapSize                              = 1574961152                                {product} {ergonomic}
   size_t MinHeapDeltaBytes                        = 1048576                                   {product} {ergonomic}
   size_t MinHeapSize                              = 8388608                                   {product} {ergonomic}
    uintx NonNMethodCodeHeapSize                   = 7602480                                {pd product} {ergonomic}
    uintx NonProfiledCodeHeapSize                  = 122027880                              {pd product} {ergonomic}
    uintx ProfiledCodeHeapSize                     = 122027880                              {pd product} {ergonomic}
    uintx ReservedCodeCacheSize                    = 251658240                              {pd product} {ergonomic}
     bool SegmentedCodeCache                       = true                                      {product} {ergonomic}
   size_t SoftMaxHeapSize                          = 1574961152                             {manageable} {ergonomic}
     bool UseCompressedClassPointers               = true                           {product lp64_product} {ergonomic}
     bool UseCompressedOops                        = true                           {product lp64_product} {ergonomic}
     bool UseG1GC                                  = true                                      {product} {ergonomic}
     bool UseLargePagesIndividualAllocation        = false                                  {pd product} {ergonomic}

Logging:
Log output configuration:
 #0: stdout all=warning uptime,level,tags
 #1: stderr all=off uptime,level,tags

Environment Variables:
JAVA_HOME=C:\Program Files\Java\jdk-17
PATH=C:\Program Files\Common Files\Oracle\Java\javapath;C:\WINDOWS\system32;C:\WINDOWS;C:\WINDOWS\System32\Wbem;C:\WINDOWS\System32\WindowsPowerShell\v1.0\;C:\WINDOWS\System32\OpenSSH\;C:\Program Files\Java\jdk-11\bin;C:\Program Files\Git\cmd;C:\Program Files\Docker\Docker\resources\bin;C:\Users\Zelto Lira\AppData\Local\Microsoft\WindowsApps;C:\apache-maven-3.9.3\bin;C:\Program Files\JetBrains\IntelliJ IDEA Educational Edition 2022.2.2\bin;C:\Program Files\Java\jdk-17\bin;;C:\Program Files\Java\jdk-17\bin;
USERNAME=Zelto Lira
OS=Windows_NT
PROCESSOR_IDENTIFIER=AMD64 Family 23 Model 104 Stepping 1, AuthenticAMD



---------------  S Y S T E M  ---------------

OS:
 Windows 11 , 64 bit Build 22621 (10.0.22621.2506)
OS uptime: 2 days 14:43 hours
Hyper-V role detected

CPU: total 16 (initial active 16) (16 cores per cpu, 2 threads per core) family 23 model 104 stepping 1 microcode 0x0, cx8, cmov, fxsr, ht, mmx, 3dnowpref, sse, sse2, sse3, ssse3, sse4a, sse4.1, sse4.2, popcnt, lzcnt, tsc, tscinvbit, avx, avx2, aes, clmul, bmi1, bmi2, adx, sha, fma, vzeroupper, clflush, clflushopt, hv

Memory: 4k page, system-wide physical 6005M (240M free)
TotalPageFile size 24437M (AvailPageFile size 74M)
current process WorkingSet (physical memory assigned to process): 11M, peak: 11M
current process commit charge ("private bytes"): 70M, peak: 164M

vm_info: Java HotSpot(TM) 64-Bit Server VM (17.0.8+9-LTS-211) for windows-amd64 JRE (17.0.8+9-LTS-211), built on Jun 14 2023 10:34:31 by "mach5one" with MS VC++ 17.1 (VS2022)

END.
