#
# There is insufficient memory for the Java Runtime Environment to continue.
# Native memory allocation (malloc) failed to allocate 560816 bytes for Chunk::new
# Possible reasons:
#   The system is out of physical RAM or swap space
#   The process is running with CompressedOops enabled, and the Java Heap may be blocking the growth of the native heap
# Possible solutions:
#   Reduce memory load on the system
#   Increase physical memory or swap space
#   Check if swap backing store is full
#   Decrease Java heap size (-Xmx/-Xms)
#   Decrease number of Java threads
#   Decrease Java thread stack sizes (-Xss)
#   Set larger code cache with -XX:ReservedCodeCacheSize=
#   JVM is running with Unscaled Compressed Oops mode in which the Java heap is
#     placed in the first 4GB address space. The Java Heap base address is the
#     maximum limit for the native heap growth. Please use -XX:HeapBaseMinAddress
#     to set the Java Heap base and to place the Java Heap above 4GB virtual address.
# This output file may be truncated or incomplete.
#
#  Out of Memory Error (arena.cpp:189), pid=58328, tid=56852
#
# JRE version: Java(TM) SE Runtime Environment (17.0.8+9) (build 17.0.8+9-LTS-211)
# Java VM: Java HotSpot(TM) 64-Bit Server VM (17.0.8+9-LTS-211, mixed mode, sharing, tiered, compressed oops, compressed class ptrs, g1 gc, windows-amd64)
# No core dump will be written. Minidumps are not enabled by default on client versions of Windows
#

---------------  S U M M A R Y ------------

Command Line: -javaagent:C:\Program Files\JetBrains\IntelliJ IDEA Educational Edition 2022.2.2\lib\idea_rt.jar=55921:C:\Program Files\JetBrains\IntelliJ IDEA Educational Edition 2022.2.2\bin -Dfile.encoding=UTF-8 com.lira.eurekaserver.EurekaserverApplication

Host: AMD Ryzen 7 5700U with Radeon Graphics         , 16 cores, 5G,  Windows 11 , 64 bit Build 22621 (10.0.22621.2506)
Time: Fri Feb  9 05:52:22 2024 Hora Padrão da Bahia elapsed time: 3.411271 seconds (0d 0h 0m 3s)

---------------  T H R E A D  ---------------

Current thread (0x000001bf53c46470):  JavaThread "C2 CompilerThread0" daemon [_thread_in_native, id=56852, stack(0x000000a895400000,0x000000a895500000)]


Current CompileTask:
C2:   3411 1881       4       org.springframework.boot.context.config.ConfigDataEnvironmentContributor$ContributorIterator::fetchIfNecessary (153 bytes)

Stack: [0x000000a895400000,0x000000a895500000]
Native frames: (J=compiled Java code, j=interpreted, Vv=VM code, C=native code)
V  [jvm.dll+0x677d0a]
V  [jvm.dll+0x7d8c54]
V  [jvm.dll+0x7da3fe]
V  [jvm.dll+0x7daa63]
V  [jvm.dll+0x245c5f]
V  [jvm.dll+0xaaa6b]
V  [jvm.dll+0xab00c]
V  [jvm.dll+0x2ab5cf]
V  [jvm.dll+0x580435]
V  [jvm.dll+0x220b22]
V  [jvm.dll+0x219720]
V  [jvm.dll+0x217329]
V  [jvm.dll+0x1a3af0]
V  [jvm.dll+0x2270be]
V  [jvm.dll+0x22535b]
V  [jvm.dll+0x78e7bc]
V  [jvm.dll+0x788bba]
V  [jvm.dll+0x676b35]
C  [ucrtbase.dll+0x29363]
C  [KERNEL32.DLL+0x1257d]
C  [ntdll.dll+0x5aa58]


---------------  P R O C E S S  ---------------

Threads class SMR info:
_java_thread_list=0x000001bf99dc5430, length=17, elements={
0x000001bf363dd330, 0x000001bf53c29d30, 0x000001bf53c2aba0, 0x000001bf53c3c180,
0x000001bf53c3cc40, 0x000001bf53c3e800, 0x000001bf53c412c0, 0x000001bf53c46470,
0x000001bf53c51240, 0x000001bf53c51f30, 0x000001bf53c104e0, 0x000001bf990c5cb0,
0x000001bf990d07d0, 0x000001bf990d1090, 0x000001bf99665c80, 0x000001bf99262f40,
0x000001bf9a21a670
}

Java Threads: ( => current thread )
  0x000001bf363dd330 JavaThread "main" [_thread_in_Java, id=23372, stack(0x000000a894700000,0x000000a894800000)]
  0x000001bf53c29d30 JavaThread "Reference Handler" daemon [_thread_blocked, id=40000, stack(0x000000a894e00000,0x000000a894f00000)]
  0x000001bf53c2aba0 JavaThread "Finalizer" daemon [_thread_blocked, id=58776, stack(0x000000a894f00000,0x000000a895000000)]
  0x000001bf53c3c180 JavaThread "Signal Dispatcher" daemon [_thread_blocked, id=34956, stack(0x000000a895000000,0x000000a895100000)]
  0x000001bf53c3cc40 JavaThread "Attach Listener" daemon [_thread_blocked, id=44652, stack(0x000000a895100000,0x000000a895200000)]
  0x000001bf53c3e800 JavaThread "Service Thread" daemon [_thread_blocked, id=36868, stack(0x000000a895200000,0x000000a895300000)]
  0x000001bf53c412c0 JavaThread "Monitor Deflation Thread" daemon [_thread_blocked, id=38212, stack(0x000000a895300000,0x000000a895400000)]
=>0x000001bf53c46470 JavaThread "C2 CompilerThread0" daemon [_thread_in_native, id=56852, stack(0x000000a895400000,0x000000a895500000)]
  0x000001bf53c51240 JavaThread "C1 CompilerThread0" daemon [_thread_blocked, id=34252, stack(0x000000a895500000,0x000000a895600000)]
  0x000001bf53c51f30 JavaThread "Sweeper thread" daemon [_thread_blocked, id=57192, stack(0x000000a895600000,0x000000a895700000)]
  0x000001bf53c104e0 JavaThread "Common-Cleaner" daemon [_thread_blocked, id=55220, stack(0x000000a895700000,0x000000a895800000)]
  0x000001bf990c5cb0 JavaThread "C1 CompilerThread1" daemon [_thread_in_vm, id=46712, stack(0x000000a895800000,0x000000a895900000)]
  0x000001bf990d07d0 JavaThread "C1 CompilerThread2" daemon [_thread_blocked, id=53656, stack(0x000000a895900000,0x000000a895a00000)]
  0x000001bf990d1090 JavaThread "C1 CompilerThread3" daemon [_thread_blocked, id=37864, stack(0x000000a895a00000,0x000000a895b00000)]
  0x000001bf99665c80 JavaThread "Monitor Ctrl-Break" daemon [_thread_in_native, id=57536, stack(0x000000a895c00000,0x000000a895d00000)]
  0x000001bf99262f40 JavaThread "Notification Thread" daemon [_thread_blocked, id=10112, stack(0x000000a895d00000,0x000000a895e00000)]
  0x000001bf9a21a670 JavaThread "background-preinit" [_thread_in_native, id=42160, stack(0x000000a895b00000,0x000000a895c00000)]

Other Threads:
  0x000001bf53c21d20 VMThread "VM Thread" [stack: 0x000000a894d00000,0x000000a894e00000] [id=58636]
  0x000001bf996666e0 WatcherThread [stack: 0x000000a895e00000,0x000000a895f00000] [id=24584]
  0x000001bf36429570 GCTaskThread "GC Thread#0" [stack: 0x000000a894800000,0x000000a894900000] [id=26636]
  0x000001bf99b733d0 GCTaskThread "GC Thread#1" [stack: 0x000000a895f00000,0x000000a896000000] [id=52392]
  0x000001bf99caec90 GCTaskThread "GC Thread#2" [stack: 0x000000a896000000,0x000000a896100000] [id=19932]
  0x000001bf99cb75b0 GCTaskThread "GC Thread#3" [stack: 0x000000a896100000,0x000000a896200000] [id=19756]
  0x000001bf99cb7860 GCTaskThread "GC Thread#4" [stack: 0x000000a896200000,0x000000a896300000] [id=54844]
  0x000001bf99cb7b10 GCTaskThread "GC Thread#5" [stack: 0x000000a896300000,0x000000a896400000] [id=41924]
  0x000001bf99cb8850 GCTaskThread "GC Thread#6" [stack: 0x000000a896400000,0x000000a896500000] [id=55948]
  0x000001bf99f4c100 GCTaskThread "GC Thread#7" [stack: 0x000000a896500000,0x000000a896600000] [id=2228]
  0x000001bf99f4d8f0 GCTaskThread "GC Thread#8" [stack: 0x000000a896600000,0x000000a896700000] [id=13328]
  0x000001bf9a15a9e0 GCTaskThread "GC Thread#9" [stack: 0x000000a896700000,0x000000a896800000] [id=46636]
  0x000001bf36434180 ConcurrentGCThread "G1 Main Marker" [stack: 0x000000a894900000,0x000000a894a00000] [id=56156]
  0x000001bf36434b90 ConcurrentGCThread "G1 Conc#0" [stack: 0x000000a894a00000,0x000000a894b00000] [id=47660]
  0x000001bf3648ec30 ConcurrentGCThread "G1 Refine#0" [stack: 0x000000a894b00000,0x000000a894c00000] [id=4520]
  0x000001bf53add540 ConcurrentGCThread "G1 Service" [stack: 0x000000a894c00000,0x000000a894d00000] [id=48484]

Threads with active compile tasks:
C2 CompilerThread0     3502 1881       4       org.springframework.boot.context.config.ConfigDataEnvironmentContributor$ContributorIterator::fetchIfNecessary (153 bytes)
C1 CompilerThread1     3502 1995       3       java.lang.Module::canRead (86 bytes)
C1 CompilerThread2     3502 1996       1       jdk.internal.org.objectweb.asm.SymbolTable::getClassName (5 bytes)

VM state: not at safepoint (normal execution)

VM Mutex/Monitor currently owned by a thread: None

Heap address: 0x00000000a2200000, size: 1502 MB, Compressed Oops mode: 32-bit

CDS archive(s) mapped at: [0x000001bf54000000-0x000001bf54bd0000-0x000001bf54bd0000), size 12386304, SharedBaseAddress: 0x000001bf54000000, ArchiveRelocationMode: 1.
Compressed class space mapped at: 0x000001bf55000000-0x000001bf95000000, reserved size: 1073741824
Narrow klass base: 0x000001bf54000000, Narrow klass shift: 0, Narrow klass range: 0x100000000

GC Precious Log:
 CPUs: 16 total, 16 available
 Memory: 6005M
 Large Page Support: Disabled
 NUMA Support: Disabled
 Compressed Oops: Enabled (32-bit)
 Heap Region Size: 1M
 Heap Min Capacity: 8M
 Heap Initial Capacity: 94M
 Heap Max Capacity: 1502M
 Pre-touch: Disabled
 Parallel Workers: 13
 Concurrent Workers: 3
 Concurrent Refinement Workers: 13
 Periodic GC: Disabled

Heap:
 garbage-first heap   total 96256K, used 12005K [0x00000000a2200000, 0x0000000100000000)
  region size 1024K, 6 young (6144K), 2 survivors (2048K)
 Metaspace       used 12974K, committed 13184K, reserved 1114112K
  class space    used 1557K, committed 1664K, reserved 1048576K

Heap Regions: E=young(eden), S=young(survivor), O=old, HS=humongous(starts), HC=humongous(continues), CS=collection set, F=free, OA=open archive, CA=closed archive, TAMS=top-at-mark-start (previous, next)
|   0|0x00000000a2200000, 0x00000000a2300000, 0x00000000a2300000|100%| O|  |TAMS 0x00000000a2200000, 0x00000000a2200000| Untracked 
|   1|0x00000000a2300000, 0x00000000a2400000, 0x00000000a2400000|100%| O|  |TAMS 0x00000000a2300000, 0x00000000a2300000| Untracked 
|   2|0x00000000a2400000, 0x00000000a2500000, 0x00000000a2500000|100%| O|  |TAMS 0x00000000a2400000, 0x00000000a2400000| Untracked 
|   3|0x00000000a2500000, 0x00000000a2600000, 0x00000000a2600000|100%| O|  |TAMS 0x00000000a2500000, 0x00000000a2500000| Untracked 
|   4|0x00000000a2600000, 0x00000000a2700000, 0x00000000a2700000|100%| O|  |TAMS 0x00000000a2600000, 0x00000000a2600000| Untracked 
|   5|0x00000000a2700000, 0x00000000a2800000, 0x00000000a2800000|100%| O|  |TAMS 0x00000000a2700000, 0x00000000a2700000| Untracked 
|   6|0x00000000a2800000, 0x00000000a2900000, 0x00000000a2900000|100%| O|  |TAMS 0x00000000a2800000, 0x00000000a2800000| Untracked 
|   7|0x00000000a2900000, 0x00000000a2900000, 0x00000000a2a00000|  0%| F|  |TAMS 0x00000000a2900000, 0x00000000a2900000| Untracked 
|   8|0x00000000a2a00000, 0x00000000a2a00000, 0x00000000a2b00000|  0%| F|  |TAMS 0x00000000a2a00000, 0x00000000a2a00000| Untracked 
|   9|0x00000000a2b00000, 0x00000000a2b00000, 0x00000000a2c00000|  0%| F|  |TAMS 0x00000000a2b00000, 0x00000000a2b00000| Untracked 
|  10|0x00000000a2c00000, 0x00000000a2c00000, 0x00000000a2d00000|  0%| F|  |TAMS 0x00000000a2c00000, 0x00000000a2c00000| Untracked 
|  11|0x00000000a2d00000, 0x00000000a2d00000, 0x00000000a2e00000|  0%| F|  |TAMS 0x00000000a2d00000, 0x00000000a2d00000| Untracked 
|  12|0x00000000a2e00000, 0x00000000a2e00000, 0x00000000a2f00000|  0%| F|  |TAMS 0x00000000a2e00000, 0x00000000a2e00000| Untracked 
|  13|0x00000000a2f00000, 0x00000000a2f00000, 0x00000000a3000000|  0%| F|  |TAMS 0x00000000a2f00000, 0x00000000a2f00000| Untracked 
|  14|0x00000000a3000000, 0x00000000a3000000, 0x00000000a3100000|  0%| F|  |TAMS 0x00000000a3000000, 0x00000000a3000000| Untracked 
|  15|0x00000000a3100000, 0x00000000a3100000, 0x00000000a3200000|  0%| F|  |TAMS 0x00000000a3100000, 0x00000000a3100000| Untracked 
|  16|0x00000000a3200000, 0x00000000a3200000, 0x00000000a3300000|  0%| F|  |TAMS 0x00000000a3200000, 0x00000000a3200000| Untracked 
|  17|0x00000000a3300000, 0x00000000a3300000, 0x00000000a3400000|  0%| F|  |TAMS 0x00000000a3300000, 0x00000000a3300000| Untracked 
|  18|0x00000000a3400000, 0x00000000a3400000, 0x00000000a3500000|  0%| F|  |TAMS 0x00000000a3400000, 0x00000000a3400000| Untracked 
|  19|0x00000000a3500000, 0x00000000a3500000, 0x00000000a3600000|  0%| F|  |TAMS 0x00000000a3500000, 0x00000000a3500000| Untracked 
|  20|0x00000000a3600000, 0x00000000a3600000, 0x00000000a3700000|  0%| F|  |TAMS 0x00000000a3600000, 0x00000000a3600000| Untracked 
|  21|0x00000000a3700000, 0x00000000a3700000, 0x00000000a3800000|  0%| F|  |TAMS 0x00000000a3700000, 0x00000000a3700000| Untracked 
|  22|0x00000000a3800000, 0x00000000a3800000, 0x00000000a3900000|  0%| F|  |TAMS 0x00000000a3800000, 0x00000000a3800000| Untracked 
|  23|0x00000000a3900000, 0x00000000a3900000, 0x00000000a3a00000|  0%| F|  |TAMS 0x00000000a3900000, 0x00000000a3900000| Untracked 
|  24|0x00000000a3a00000, 0x00000000a3a00000, 0x00000000a3b00000|  0%| F|  |TAMS 0x00000000a3a00000, 0x00000000a3a00000| Untracked 
|  25|0x00000000a3b00000, 0x00000000a3b00000, 0x00000000a3c00000|  0%| F|  |TAMS 0x00000000a3b00000, 0x00000000a3b00000| Untracked 
|  26|0x00000000a3c00000, 0x00000000a3c00000, 0x00000000a3d00000|  0%| F|  |TAMS 0x00000000a3c00000, 0x00000000a3c00000| Untracked 
|  27|0x00000000a3d00000, 0x00000000a3d00000, 0x00000000a3e00000|  0%| F|  |TAMS 0x00000000a3d00000, 0x00000000a3d00000| Untracked 
|  28|0x00000000a3e00000, 0x00000000a3e00000, 0x00000000a3f00000|  0%| F|  |TAMS 0x00000000a3e00000, 0x00000000a3e00000| Untracked 
|  29|0x00000000a3f00000, 0x00000000a3f00000, 0x00000000a4000000|  0%| F|  |TAMS 0x00000000a3f00000, 0x00000000a3f00000| Untracked 
|  30|0x00000000a4000000, 0x00000000a4000000, 0x00000000a4100000|  0%| F|  |TAMS 0x00000000a4000000, 0x00000000a4000000| Untracked 
|  31|0x00000000a4100000, 0x00000000a4100000, 0x00000000a4200000|  0%| F|  |TAMS 0x00000000a4100000, 0x00000000a4100000| Untracked 
|  32|0x00000000a4200000, 0x00000000a4200000, 0x00000000a4300000|  0%| F|  |TAMS 0x00000000a4200000, 0x00000000a4200000| Untracked 
|  33|0x00000000a4300000, 0x00000000a4300000, 0x00000000a4400000|  0%| F|  |TAMS 0x00000000a4300000, 0x00000000a4300000| Untracked 
|  34|0x00000000a4400000, 0x00000000a4400000, 0x00000000a4500000|  0%| F|  |TAMS 0x00000000a4400000, 0x00000000a4400000| Untracked 
|  35|0x00000000a4500000, 0x00000000a4500000, 0x00000000a4600000|  0%| F|  |TAMS 0x00000000a4500000, 0x00000000a4500000| Untracked 
|  36|0x00000000a4600000, 0x00000000a4600000, 0x00000000a4700000|  0%| F|  |TAMS 0x00000000a4600000, 0x00000000a4600000| Untracked 
|  37|0x00000000a4700000, 0x00000000a4700000, 0x00000000a4800000|  0%| F|  |TAMS 0x00000000a4700000, 0x00000000a4700000| Untracked 
|  38|0x00000000a4800000, 0x00000000a4800000, 0x00000000a4900000|  0%| F|  |TAMS 0x00000000a4800000, 0x00000000a4800000| Untracked 
|  39|0x00000000a4900000, 0x00000000a4900000, 0x00000000a4a00000|  0%| F|  |TAMS 0x00000000a4900000, 0x00000000a4900000| Untracked 
|  40|0x00000000a4a00000, 0x00000000a4a00000, 0x00000000a4b00000|  0%| F|  |TAMS 0x00000000a4a00000, 0x00000000a4a00000| Untracked 
|  41|0x00000000a4b00000, 0x00000000a4b00000, 0x00000000a4c00000|  0%| F|  |TAMS 0x00000000a4b00000, 0x00000000a4b00000| Untracked 
|  42|0x00000000a4c00000, 0x00000000a4c00000, 0x00000000a4d00000|  0%| F|  |TAMS 0x00000000a4c00000, 0x00000000a4c00000| Untracked 
|  43|0x00000000a4d00000, 0x00000000a4d00000, 0x00000000a4e00000|  0%| F|  |TAMS 0x00000000a4d00000, 0x00000000a4d00000| Untracked 
|  44|0x00000000a4e00000, 0x00000000a4e00000, 0x00000000a4f00000|  0%| F|  |TAMS 0x00000000a4e00000, 0x00000000a4e00000| Untracked 
|  45|0x00000000a4f00000, 0x00000000a4f00000, 0x00000000a5000000|  0%| F|  |TAMS 0x00000000a4f00000, 0x00000000a4f00000| Untracked 
|  46|0x00000000a5000000, 0x00000000a5000000, 0x00000000a5100000|  0%| F|  |TAMS 0x00000000a5000000, 0x00000000a5000000| Untracked 
|  47|0x00000000a5100000, 0x00000000a5100000, 0x00000000a5200000|  0%| F|  |TAMS 0x00000000a5100000, 0x00000000a5100000| Untracked 
|  48|0x00000000a5200000, 0x00000000a5200000, 0x00000000a5300000|  0%| F|  |TAMS 0x00000000a5200000, 0x00000000a5200000| Untracked 
|  49|0x00000000a5300000, 0x00000000a5300000, 0x00000000a5400000|  0%| F|  |TAMS 0x00000000a5300000, 0x00000000a5300000| Untracked 
|  50|0x00000000a5400000, 0x00000000a5400000, 0x00000000a5500000|  0%| F|  |TAMS 0x00000000a5400000, 0x00000000a5400000| Untracked 
|  51|0x00000000a5500000, 0x00000000a5500000, 0x00000000a5600000|  0%| F|  |TAMS 0x00000000a5500000, 0x00000000a5500000| Untracked 
|  52|0x00000000a5600000, 0x00000000a5600000, 0x00000000a5700000|  0%| F|  |TAMS 0x00000000a5600000, 0x00000000a5600000| Untracked 
|  53|0x00000000a5700000, 0x00000000a5700000, 0x00000000a5800000|  0%| F|  |TAMS 0x00000000a5700000, 0x00000000a5700000| Untracked 
|  54|0x00000000a5800000, 0x00000000a5800000, 0x00000000a5900000|  0%| F|  |TAMS 0x00000000a5800000, 0x00000000a5800000| Untracked 
|  55|0x00000000a5900000, 0x00000000a5900000, 0x00000000a5a00000|  0%| F|  |TAMS 0x00000000a5900000, 0x00000000a5900000| Untracked 
|  56|0x00000000a5a00000, 0x00000000a5a00000, 0x00000000a5b00000|  0%| F|  |TAMS 0x00000000a5a00000, 0x00000000a5a00000| Untracked 
|  57|0x00000000a5b00000, 0x00000000a5b00000, 0x00000000a5c00000|  0%| F|  |TAMS 0x00000000a5b00000, 0x00000000a5b00000| Untracked 
|  58|0x00000000a5c00000, 0x00000000a5c00000, 0x00000000a5d00000|  0%| F|  |TAMS 0x00000000a5c00000, 0x00000000a5c00000| Untracked 
|  59|0x00000000a5d00000, 0x00000000a5d00000, 0x00000000a5e00000|  0%| F|  |TAMS 0x00000000a5d00000, 0x00000000a5d00000| Untracked 
|  60|0x00000000a5e00000, 0x00000000a5e00000, 0x00000000a5f00000|  0%| F|  |TAMS 0x00000000a5e00000, 0x00000000a5e00000| Untracked 
|  61|0x00000000a5f00000, 0x00000000a5f00000, 0x00000000a6000000|  0%| F|  |TAMS 0x00000000a5f00000, 0x00000000a5f00000| Untracked 
|  62|0x00000000a6000000, 0x00000000a6000000, 0x00000000a6100000|  0%| F|  |TAMS 0x00000000a6000000, 0x00000000a6000000| Untracked 
|  63|0x00000000a6100000, 0x00000000a61b94b0, 0x00000000a6200000| 72%| S|CS|TAMS 0x00000000a6100000, 0x00000000a6100000| Complete 
|  64|0x00000000a6200000, 0x00000000a6300000, 0x00000000a6300000|100%| S|CS|TAMS 0x00000000a6200000, 0x00000000a6200000| Complete 
|  65|0x00000000a6300000, 0x00000000a6300000, 0x00000000a6400000|  0%| F|  |TAMS 0x00000000a6300000, 0x00000000a6300000| Untracked 
|  66|0x00000000a6400000, 0x00000000a6400000, 0x00000000a6500000|  0%| F|  |TAMS 0x00000000a6400000, 0x00000000a6400000| Untracked 
|  67|0x00000000a6500000, 0x00000000a6500000, 0x00000000a6600000|  0%| F|  |TAMS 0x00000000a6500000, 0x00000000a6500000| Untracked 
|  68|0x00000000a6600000, 0x00000000a6600000, 0x00000000a6700000|  0%| F|  |TAMS 0x00000000a6600000, 0x00000000a6600000| Untracked 
|  69|0x00000000a6700000, 0x00000000a6700000, 0x00000000a6800000|  0%| F|  |TAMS 0x00000000a6700000, 0x00000000a6700000| Untracked 
|  70|0x00000000a6800000, 0x00000000a6800000, 0x00000000a6900000|  0%| F|  |TAMS 0x00000000a6800000, 0x00000000a6800000| Untracked 
|  71|0x00000000a6900000, 0x00000000a6900000, 0x00000000a6a00000|  0%| F|  |TAMS 0x00000000a6900000, 0x00000000a6900000| Untracked 
|  72|0x00000000a6a00000, 0x00000000a6a00000, 0x00000000a6b00000|  0%| F|  |TAMS 0x00000000a6a00000, 0x00000000a6a00000| Untracked 
|  73|0x00000000a6b00000, 0x00000000a6b00000, 0x00000000a6c00000|  0%| F|  |TAMS 0x00000000a6b00000, 0x00000000a6b00000| Untracked 
|  74|0x00000000a6c00000, 0x00000000a6c00000, 0x00000000a6d00000|  0%| F|  |TAMS 0x00000000a6c00000, 0x00000000a6c00000| Untracked 
|  75|0x00000000a6d00000, 0x00000000a6d00000, 0x00000000a6e00000|  0%| F|  |TAMS 0x00000000a6d00000, 0x00000000a6d00000| Untracked 
|  76|0x00000000a6e00000, 0x00000000a6e00000, 0x00000000a6f00000|  0%| F|  |TAMS 0x00000000a6e00000, 0x00000000a6e00000| Untracked 
|  77|0x00000000a6f00000, 0x00000000a6f00000, 0x00000000a7000000|  0%| F|  |TAMS 0x00000000a6f00000, 0x00000000a6f00000| Untracked 
|  78|0x00000000a7000000, 0x00000000a7000000, 0x00000000a7100000|  0%| F|  |TAMS 0x00000000a7000000, 0x00000000a7000000| Untracked 
|  79|0x00000000a7100000, 0x00000000a7100000, 0x00000000a7200000|  0%| F|  |TAMS 0x00000000a7100000, 0x00000000a7100000| Untracked 
|  80|0x00000000a7200000, 0x00000000a7200000, 0x00000000a7300000|  0%| F|  |TAMS 0x00000000a7200000, 0x00000000a7200000| Untracked 
|  81|0x00000000a7300000, 0x00000000a7300000, 0x00000000a7400000|  0%| F|  |TAMS 0x00000000a7300000, 0x00000000a7300000| Untracked 
|  82|0x00000000a7400000, 0x00000000a7400000, 0x00000000a7500000|  0%| F|  |TAMS 0x00000000a7400000, 0x00000000a7400000| Untracked 
|  83|0x00000000a7500000, 0x00000000a7500000, 0x00000000a7600000|  0%| F|  |TAMS 0x00000000a7500000, 0x00000000a7500000| Untracked 
|  84|0x00000000a7600000, 0x00000000a7600000, 0x00000000a7700000|  0%| F|  |TAMS 0x00000000a7600000, 0x00000000a7600000| Untracked 
|  85|0x00000000a7700000, 0x00000000a7700000, 0x00000000a7800000|  0%| F|  |TAMS 0x00000000a7700000, 0x00000000a7700000| Untracked 
|  86|0x00000000a7800000, 0x00000000a7800000, 0x00000000a7900000|  0%| F|  |TAMS 0x00000000a7800000, 0x00000000a7800000| Untracked 
|  87|0x00000000a7900000, 0x00000000a7900000, 0x00000000a7a00000|  0%| F|  |TAMS 0x00000000a7900000, 0x00000000a7900000| Untracked 
|  88|0x00000000a7a00000, 0x00000000a7a00000, 0x00000000a7b00000|  0%| F|  |TAMS 0x00000000a7a00000, 0x00000000a7a00000| Untracked 
|  89|0x00000000a7b00000, 0x00000000a7b00000, 0x00000000a7c00000|  0%| F|  |TAMS 0x00000000a7b00000, 0x00000000a7b00000| Untracked 
|  90|0x00000000a7c00000, 0x00000000a7cc25f8, 0x00000000a7d00000| 75%| E|  |TAMS 0x00000000a7c00000, 0x00000000a7c00000| Complete 
|  91|0x00000000a7d00000, 0x00000000a7e00000, 0x00000000a7e00000|100%| E|CS|TAMS 0x00000000a7d00000, 0x00000000a7d00000| Complete 
|  92|0x00000000a7e00000, 0x00000000a7f00000, 0x00000000a7f00000|100%| E|CS|TAMS 0x00000000a7e00000, 0x00000000a7e00000| Complete 
|  93|0x00000000a7f00000, 0x00000000a8000000, 0x00000000a8000000|100%| E|CS|TAMS 0x00000000a7f00000, 0x00000000a7f00000| Complete 

Card table byte_map: [0x000001bf4d7d0000,0x000001bf4dac0000] _byte_map_base: 0x000001bf4d2bf000

Marking Bits (Prev, Next): (CMBitMap*) 0x000001bf36429b80, (CMBitMap*) 0x000001bf36429bc0
 Prev Bits: [0x000001bf4ddb0000, 0x000001bf4f528000)
 Next Bits: [0x000001bf4f530000, 0x000001bf50ca8000)

Polling page: 0x000001bf34350000

Metaspace:

Usage:
  Non-class:     11.18 MB used.
      Class:      1.53 MB used.
       Both:     12.71 MB used.

Virtual space:
  Non-class space:       64.00 MB reserved,      11.31 MB ( 18%) committed,  1 nodes.
      Class space:        1.00 GB reserved,       1.62 MB ( <1%) committed,  1 nodes.
             Both:        1.06 GB reserved,      12.94 MB (  1%) committed. 

Chunk freelists:
   Non-Class:  4.56 MB
       Class:  14.31 MB
        Both:  18.88 MB

MaxMetaspaceSize: unlimited
CompressedClassSpaceSize: 1.00 GB
Initial GC threshold: 21.00 MB
Current GC threshold: 21.00 MB
CDS: on
MetaspaceReclaimPolicy: balanced
 - commit_granule_bytes: 65536.
 - commit_granule_words: 8192.
 - virtual_space_node_default_size: 8388608.
 - enlarge_chunks_in_place: 1.
 - new_chunks_are_fully_committed: 0.
 - uncommit_free_chunks: 1.
 - use_allocation_guard: 0.
 - handle_deallocations: 1.


Internal statistics:

num_allocs_failed_limit: 0.
num_arena_births: 166.
num_arena_deaths: 0.
num_vsnodes_births: 2.
num_vsnodes_deaths: 0.
num_space_committed: 207.
num_space_uncommitted: 0.
num_chunks_returned_to_freelist: 0.
num_chunks_taken_from_freelist: 572.
num_chunk_merges: 0.
num_chunk_splits: 388.
num_chunks_enlarged: 304.
num_purges: 0.
num_inconsistent_stats: 0.

CodeHeap 'non-profiled nmethods': size=119168Kb used=656Kb max_used=656Kb free=118511Kb
 bounds [0x000001bf45800000, 0x000001bf45a70000, 0x000001bf4cc60000]
CodeHeap 'profiled nmethods': size=119104Kb used=3874Kb max_used=3874Kb free=115229Kb
 bounds [0x000001bf3dc60000, 0x000001bf3e030000, 0x000001bf450b0000]
CodeHeap 'non-nmethods': size=7488Kb used=2866Kb max_used=2890Kb free=4621Kb
 bounds [0x000001bf450b0000, 0x000001bf45390000, 0x000001bf45800000]
 total_blobs=2459 nmethods=1991 adapters=377
 compilation: enabled
              stopped_count=0, restarted_count=0
 full_count=0

Compilation events (20 events):
Event: 3.384 Thread 0x000001bf990d07d0 nmethod 1883 0x000001bf3dfcc990 code [0x000001bf3dfccb80, 0x000001bf3dfcd298]
Event: 3.384 Thread 0x000001bf990c5cb0 1885       3       org.springframework.boot.context.properties.source.SpringIterableConfigurationPropertySource::containsDescendantOf (102 bytes)
Event: 3.385 Thread 0x000001bf990d1090 1886       3       java.util.Collections$UnmodifiableMap::keySet (28 bytes)
Event: 3.385 Thread 0x000001bf53c51240 1887       3       java.util.Collections$UnmodifiableCollection::toArray (11 bytes)
Event: 3.385 Thread 0x000001bf53c51240 nmethod 1887 0x000001bf3dfcd490 code [0x000001bf3dfcd640, 0x000001bf3dfcd808]
Event: 3.385 Thread 0x000001bf990d1090 nmethod 1886 0x000001bf3dfcd910 code [0x000001bf3dfcdb00, 0x000001bf3dfce138]
Event: 3.385 Thread 0x000001bf53c51240 1888       3       org.springframework.boot.context.config.ConfigDataEnvironmentContributor::isActive (36 bytes)
Event: 3.386 Thread 0x000001bf53c51240 nmethod 1888 0x000001bf3dfce310 code [0x000001bf3dfce4e0, 0x000001bf3dfce8c8]
Event: 3.386 Thread 0x000001bf990c5cb0 nmethod 1885 0x000001bf3dfcea10 code [0x000001bf3dfced00, 0x000001bf3dfcfc68]
Event: 3.386 Thread 0x000001bf53c46470 nmethod 1854 0x000001bf458a1690 code [0x000001bf458a1840, 0x000001bf458a1dc8]
Event: 3.386 Thread 0x000001bf53c46470 1881       4       org.springframework.boot.context.config.ConfigDataEnvironmentContributor$ContributorIterator::fetchIfNecessary (153 bytes)
Event: 3.390 Thread 0x000001bf990c5cb0 1889       3       jdk.internal.reflect.ReflectionFactory::inflationThreshold (4 bytes)
Event: 3.390 Thread 0x000001bf990c5cb0 nmethod 1889 0x000001bf3dfd0190 code [0x000001bf3dfd0320, 0x000001bf3dfd0418]
Event: 3.391 Thread 0x000001bf990d1090 1890       3       java.util.HashSet::contains (9 bytes)
Event: 3.391 Thread 0x000001bf990d1090 nmethod 1890 0x000001bf3dfd0490 code [0x000001bf3dfd0640, 0x000001bf3dfd0808]
Event: 3.396 Thread 0x000001bf990c5cb0 1892       1       java.lang.invoke.MethodHandle::internalForm (5 bytes)
Event: 3.396 Thread 0x000001bf990c5cb0 nmethod 1892 0x000001bf458a2190 code [0x000001bf458a2320, 0x000001bf458a23f8]
Event: 3.401 Thread 0x000001bf990d1090 1893       3       java.io.WinNTFileSystem::normalize (143 bytes)
Event: 3.402 Thread 0x000001bf990d1090 nmethod 1893 0x000001bf3dfd0910 code [0x000001bf3dfd0ba0, 0x000001bf3dfd1778]
Event: 3.408 Thread 0x000001bf990d1090 1894       3       sun.util.locale.InternalLocaleBuilder::setExtensions (206 bytes)

GC Heap History (2 events):
Event: 1.622 GC heap before
{Heap before GC invocations=0 (full 0):
 garbage-first heap   total 96256K, used 23552K [0x00000000a2200000, 0x0000000100000000)
  region size 1024K, 23 young (23552K), 0 survivors (0K)
 Metaspace       used 5386K, committed 5504K, reserved 1114112K
  class space    used 598K, committed 640K, reserved 1048576K
}
Event: 1.634 GC heap after
{Heap after GC invocations=1 (full 0):
 garbage-first heap   total 96256K, used 7096K [0x00000000a2200000, 0x0000000100000000)
  region size 1024K, 3 young (3072K), 3 survivors (3072K)
 Metaspace       used 5386K, committed 5504K, reserved 1114112K
  class space    used 598K, committed 640K, reserved 1048576K
}

Deoptimization events (20 events):
Event: 2.860 Thread 0x000001bf363dd330 Uncommon trap: trap_request=0xffffff45 fr.pc=0x000001bf45859d74 relative=0x00000000000003d4
Event: 2.860 Thread 0x000001bf363dd330 Uncommon trap: reason=unstable_if action=reinterpret pc=0x000001bf45859d74 method=java.lang.StringBuilder.toString()Ljava/lang/String; @ 4 c2
Event: 2.860 Thread 0x000001bf363dd330 DEOPT PACKING pc=0x000001bf45859d74 sp=0x000000a8947fd0e0
Event: 2.860 Thread 0x000001bf363dd330 DEOPT UNPACKING pc=0x000001bf451023a3 sp=0x000000a8947fd0c0 mode 2
Event: 2.928 Thread 0x000001bf363dd330 Uncommon trap: trap_request=0xffffff45 fr.pc=0x000001bf45834068 relative=0x0000000000000248
Event: 2.928 Thread 0x000001bf363dd330 Uncommon trap: reason=unstable_if action=reinterpret pc=0x000001bf45834068 method=java.lang.String.startsWith(Ljava/lang/String;I)Z @ 1 c2
Event: 2.928 Thread 0x000001bf363dd330 DEOPT PACKING pc=0x000001bf45834068 sp=0x000000a8947fe2f0
Event: 2.928 Thread 0x000001bf363dd330 DEOPT UNPACKING pc=0x000001bf451023a3 sp=0x000000a8947fe258 mode 2
Event: 3.304 Thread 0x000001bf363dd330 Uncommon trap: trap_request=0xffffff45 fr.pc=0x000001bf45860c7c relative=0x00000000000001bc
Event: 3.305 Thread 0x000001bf363dd330 Uncommon trap: reason=unstable_if action=reinterpret pc=0x000001bf45860c7c method=java.util.concurrent.ConcurrentHashMap.addCount(JI)V @ 171 c2
Event: 3.305 Thread 0x000001bf363dd330 DEOPT PACKING pc=0x000001bf45860c7c sp=0x000000a8947fad60
Event: 3.305 Thread 0x000001bf363dd330 DEOPT UNPACKING pc=0x000001bf451023a3 sp=0x000000a8947faca0 mode 2
Event: 3.305 Thread 0x000001bf9a21a670 Uncommon trap: trap_request=0xffffff45 fr.pc=0x000001bf45860c7c relative=0x00000000000001bc
Event: 3.305 Thread 0x000001bf9a21a670 Uncommon trap: reason=unstable_if action=reinterpret pc=0x000001bf45860c7c method=java.util.concurrent.ConcurrentHashMap.addCount(JI)V @ 171 c2
Event: 3.305 Thread 0x000001bf9a21a670 DEOPT PACKING pc=0x000001bf45860c7c sp=0x000000a895bf97d0
Event: 3.305 Thread 0x000001bf9a21a670 DEOPT UNPACKING pc=0x000001bf451023a3 sp=0x000000a895bf9710 mode 2
Event: 3.393 Thread 0x000001bf363dd330 Uncommon trap: trap_request=0xffffff45 fr.pc=0x000001bf45852260 relative=0x0000000000001460
Event: 3.393 Thread 0x000001bf363dd330 Uncommon trap: reason=unstable_if action=reinterpret pc=0x000001bf45852260 method=java.io.WinNTFileSystem.normalize(Ljava/lang/String;II)Ljava/lang/String; @ 87 c2
Event: 3.393 Thread 0x000001bf363dd330 DEOPT PACKING pc=0x000001bf45852260 sp=0x000000a8947fe700
Event: 3.393 Thread 0x000001bf363dd330 DEOPT UNPACKING pc=0x000001bf451023a3 sp=0x000000a8947fe638 mode 2

Classes unloaded (0 events):
No events

Classes redefined (0 events):
No events

Internal exceptions (20 events):
Event: 2.696 Thread 0x000001bf363dd330 Exception <a 'java/lang/NoSuchMethodError'{0x00000000a7888f68}: 'int java.lang.invoke.DirectMethodHandle$Holder.invokeInterface(java.lang.Object, java.lang.Object)'> (0x00000000a7888f68) 
thrown [s\open\src\hotspot\share\interpreter\linkResolver.cpp, line 759]
Event: 2.730 Thread 0x000001bf363dd330 Exception <a 'java/lang/NoSuchMethodError'{0x00000000a772e2e0}: 'void java.lang.invoke.DirectMethodHandle$Holder.invokeSpecial(java.lang.Object, java.lang.Object, java.lang.Object, java.lang.Object, java.lang.Object)'> (0x00000000a772e2e0) 
thrown [s\open\src\hotspot\share\interpreter\linkResolver.cpp, line 759]
Event: 2.804 Thread 0x000001bf363dd330 Implicit null exception at 0x000001bf45848f0d to 0x000001bf45849304
Event: 2.892 Thread 0x000001bf363dd330 Exception <a 'java/lang/NoSuchMethodError'{0x00000000a7548dd8}: 'void java.lang.invoke.DirectMethodHandle$Holder.invokeSpecial(java.lang.Object, java.lang.Object, java.lang.Object, java.lang.Object, java.lang.Object, java.lang.Object)'> (0x00000000a7548dd8) 
thrown [s\open\src\hotspot\share\interpreter\linkResolver.cpp, line 759]
Event: 2.911 Thread 0x000001bf363dd330 Exception <a 'java/lang/NoSuchMethodError'{0x00000000a7591850}: 'java.lang.Object java.lang.invoke.DirectMethodHandle$Holder.invokeSpecial(java.lang.Object, java.lang.Object, java.lang.Object, int, java.lang.Object)'> (0x00000000a7591850) 
thrown [s\open\src\hotspot\share\interpreter\linkResolver.cpp, line 759]
Event: 2.913 Thread 0x000001bf363dd330 Exception <a 'java/lang/NoSuchMethodError'{0x00000000a7599dc0}: 'java.lang.Object java.lang.invoke.DirectMethodHandle$Holder.newInvokeSpecial(java.lang.Object, java.lang.Object, java.lang.Object, int, java.lang.Object)'> (0x00000000a7599dc0) 
thrown [s\open\src\hotspot\share\interpreter\linkResolver.cpp, line 759]
Event: 2.914 Thread 0x000001bf363dd330 Exception <a 'java/lang/NoSuchMethodError'{0x00000000a75a1790}: 'java.lang.Object java.lang.invoke.Invokers$Holder.linkToTargetMethod(java.lang.Object, java.lang.Object, int, java.lang.Object, java.lang.Object)'> (0x00000000a75a1790) 
thrown [s\open\src\hotspot\share\interpreter\linkResolver.cpp, line 759]
Event: 2.917 Thread 0x000001bf363dd330 Exception <a 'java/lang/NoSuchMethodError'{0x00000000a75b0d98}: 'java.lang.Object java.lang.invoke.DirectMethodHandle$Holder.newInvokeSpecial(java.lang.Object, int, java.lang.Object)'> (0x00000000a75b0d98) 
thrown [s\open\src\hotspot\share\interpreter\linkResolver.cpp, line 759]
Event: 2.919 Thread 0x000001bf363dd330 Exception <a 'java/lang/NoSuchMethodError'{0x00000000a75b5868}: 'int java.lang.invoke.DirectMethodHandle$Holder.invokeSpecialIFC(java.lang.Object, java.lang.Object, java.lang.Object, java.lang.Object)'> (0x00000000a75b5868) 
thrown [s\open\src\hotspot\share\interpreter\linkResolver.cpp, line 759]
Event: 2.946 Thread 0x000001bf363dd330 Exception <a 'java/lang/NoSuchMethodError'{0x00000000a745df90}: 'java.lang.Object java.lang.invoke.DirectMethodHandle$Holder.invokeInterface(java.lang.Object, java.lang.Object)'> (0x00000000a745df90) 
thrown [s\open\src\hotspot\share\interpreter\linkResolver.cpp, line 759]
Event: 2.951 Thread 0x000001bf363dd330 Exception <a 'java/lang/NoSuchMethodError'{0x00000000a746f2b8}: 'void java.lang.invoke.DirectMethodHandle$Holder.invokeInterface(java.lang.Object, java.lang.Object, java.lang.Object)'> (0x00000000a746f2b8) 
thrown [s\open\src\hotspot\share\interpreter\linkResolver.cpp, line 759]
Event: 2.994 Thread 0x000001bf363dd330 Exception <a 'java/lang/NoSuchMethodError'{0x00000000a74f9860}: 'void java.lang.invoke.DirectMethodHandle$Holder.invokeStaticInit(java.lang.Object, java.lang.Object)'> (0x00000000a74f9860) 
thrown [s\open\src\hotspot\share\interpreter\linkResolver.cpp, line 759]
Event: 2.998 Thread 0x000001bf363dd330 Exception <a 'java/lang/NoSuchMethodError'{0x00000000a7306a18}: 'void java.lang.invoke.DirectMethodHandle$Holder.invokeStaticInit(java.lang.Object, java.lang.Object, java.lang.Object)'> (0x00000000a7306a18) 
thrown [s\open\src\hotspot\share\interpreter\linkResolver.cpp, line 759]
Event: 3.091 Thread 0x000001bf363dd330 Exception <a 'java/lang/NoSuchMethodError'{0x00000000a7397e18}: 'void java.lang.invoke.DirectMethodHandle$Holder.invokeVirtual(java.lang.Object, java.lang.Object, java.lang.Object, java.lang.Object)'> (0x00000000a7397e18) 
thrown [s\open\src\hotspot\share\interpreter\linkResolver.cpp, line 759]
Event: 3.171 Thread 0x000001bf363dd330 Exception <a 'java/lang/NoSuchMethodError'{0x00000000a72dc3f0}: 'void java.lang.invoke.DirectMethodHandle$Holder.invokeSpecial(java.lang.Object, java.lang.Object, java.lang.Object)'> (0x00000000a72dc3f0) 
thrown [s\open\src\hotspot\share\interpreter\linkResolver.cpp, line 759]
Event: 3.181 Thread 0x000001bf9a21a670 Exception <a 'java/lang/NoClassDefFoundError'{0x00000000a711a968}: javax/validation/Validation> (0x00000000a711a968) 
thrown [s\open\src\hotspot\share\classfile\systemDictionary.cpp, line 245]
Event: 3.240 Thread 0x000001bf9a21a670 Exception <a 'java/lang/NoSuchMethodError'{0x00000000a6f5bac8}: 'java.lang.Object java.lang.invoke.DirectMethodHandle$Holder.invokeStaticInit(java.lang.Object, java.lang.Object, java.lang.Object)'> (0x00000000a6f5bac8) 
thrown [s\open\src\hotspot\share\interpreter\linkResolver.cpp, line 759]
Event: 3.241 Thread 0x000001bf9a21a670 Exception <a 'java/lang/NoSuchMethodError'{0x00000000a6f619b8}: 'java.lang.Object java.lang.invoke.DirectMethodHandle$Holder.invokeStaticInit(java.lang.Object, java.lang.Object, java.lang.Object, java.lang.Object, java.lang.Object)'> (0x00000000a6f619b8) 
thrown [s\open\src\hotspot\share\interpreter\linkResolver.cpp, line 759]
Event: 3.359 Thread 0x000001bf363dd330 Exception <a 'java/lang/NoSuchMethodError'{0x00000000a6a819c0}: 'java.lang.Object java.lang.invoke.DirectMethodHandle$Holder.invokeVirtual(java.lang.Object, java.lang.Object, java.lang.Object)'> (0x00000000a6a819c0) 
thrown [s\open\src\hotspot\share\interpreter\linkResolver.cpp, line 759]
Event: 3.402 Thread 0x000001bf363dd330 Exception <a 'java/lang/NoSuchMethodError'{0x00000000a6582b30}: 'org.slf4j.impl.StaticMDCBinder org.slf4j.impl.StaticMDCBinder.getSingleton()'> (0x00000000a6582b30) 
thrown [s\open\src\hotspot\share\interpreter\linkResolver.cpp, line 759]

VM Operations (20 events):
Event: 1.001 Executing VM operation: HandshakeAllThreads
Event: 1.001 Executing VM operation: HandshakeAllThreads done
Event: 1.078 Executing VM operation: HandshakeAllThreads
Event: 1.078 Executing VM operation: HandshakeAllThreads done
Event: 1.078 Executing VM operation: Cleanup
Event: 1.078 Executing VM operation: Cleanup done
Event: 1.390 Executing VM operation: HandshakeAllThreads
Event: 1.390 Executing VM operation: HandshakeAllThreads done
Event: 1.622 Executing VM operation: G1CollectForAllocation
Event: 1.634 Executing VM operation: G1CollectForAllocation done
Event: 1.660 Executing VM operation: HandshakeAllThreads
Event: 1.660 Executing VM operation: HandshakeAllThreads done
Event: 1.660 Executing VM operation: HandshakeAllThreads
Event: 1.660 Executing VM operation: HandshakeAllThreads done
Event: 1.927 Executing VM operation: HandshakeAllThreads
Event: 1.927 Executing VM operation: HandshakeAllThreads done
Event: 1.999 Executing VM operation: HandshakeAllThreads
Event: 1.999 Executing VM operation: HandshakeAllThreads done
Event: 2.995 Executing VM operation: ICBufferFull
Event: 2.996 Executing VM operation: ICBufferFull done

Events (20 events):
Event: 3.270 loading class jdk/xml/internal/XMLSecurityManager$NameMap
Event: 3.270 loading class jdk/xml/internal/XMLSecurityManager$NameMap done
Event: 3.271 loading class jdk/xml/internal/JdkProperty
Event: 3.271 loading class jdk/xml/internal/JdkProperty done
Event: 3.274 loading class java/io/NotSerializableException
Event: 3.274 loading class java/io/ObjectStreamException
Event: 3.274 loading class java/io/ObjectStreamException done
Event: 3.274 loading class java/io/NotSerializableException done
Event: 3.307 loading class java/lang/CloneNotSupportedException
Event: 3.307 loading class java/lang/CloneNotSupportedException done
Event: 3.360 loading class java/util/concurrent/ConcurrentLinkedDeque$Itr
Event: 3.361 loading class java/util/concurrent/ConcurrentLinkedDeque$AbstractItr
Event: 3.361 loading class java/util/concurrent/ConcurrentLinkedDeque$AbstractItr done
Event: 3.361 loading class java/util/concurrent/ConcurrentLinkedDeque$Itr done
Event: 3.394 loading class java/lang/StackTraceElement$HashedModules
Event: 3.394 loading class java/beans/Transient
Event: 3.394 loading class java/lang/StackTraceElement$HashedModules done
Event: 3.395 loading class java/beans/Transient done
Event: 3.395 loading class java/beans/ConstructorProperties
Event: 3.395 loading class java/beans/ConstructorProperties done


Dynamic libraries:
0x00007ff74f540000 - 0x00007ff74f550000 	C:\Program Files\Java\jdk-17\bin\java.exe
0x00007ff830390000 - 0x00007ff8305a7000 	C:\WINDOWS\SYSTEM32\ntdll.dll
0x00007ff802480000 - 0x00007ff802499000 	C:\Program Files\Avast Software\Avast\aswhook.dll
0x00007ff82fcd0000 - 0x00007ff82fd94000 	C:\WINDOWS\System32\KERNEL32.DLL
0x00007ff82d700000 - 0x00007ff82daa6000 	C:\WINDOWS\System32\KERNELBASE.dll
0x00007ff82de00000 - 0x00007ff82df11000 	C:\WINDOWS\System32\ucrtbase.dll
0x00007ffffe410000 - 0x00007ffffe429000 	C:\Program Files\Java\jdk-17\bin\jli.dll
0x00007ffffd130000 - 0x00007ffffd14b000 	C:\Program Files\Java\jdk-17\bin\VCRUNTIME140.dll
0x00007ff82f450000 - 0x00007ff82f503000 	C:\WINDOWS\System32\ADVAPI32.dll
0x00007ff82e100000 - 0x00007ff82e1a7000 	C:\WINDOWS\System32\msvcrt.dll
0x00007ff830080000 - 0x00007ff830128000 	C:\WINDOWS\System32\sechost.dll
0x00007ff82d6d0000 - 0x00007ff82d6f8000 	C:\WINDOWS\System32\bcrypt.dll
0x00007ff8301b0000 - 0x00007ff8302c7000 	C:\WINDOWS\System32\RPCRT4.dll
0x00007ff82f1c0000 - 0x00007ff82f36e000 	C:\WINDOWS\System32\USER32.dll
0x00007ff82ddd0000 - 0x00007ff82ddf6000 	C:\WINDOWS\System32\win32u.dll
0x00007ff809da0000 - 0x00007ff80a033000 	C:\WINDOWS\WinSxS\amd64_microsoft.windows.common-controls_6595b64144ccf1df_6.0.22621.2506_none_270c5ae97388e100\COMCTL32.dll
0x00007ff82fa00000 - 0x00007ff82fa29000 	C:\WINDOWS\System32\GDI32.dll
0x00007ff82dfc0000 - 0x00007ff82e0d8000 	C:\WINDOWS\System32\gdi32full.dll
0x00007ff82df20000 - 0x00007ff82dfba000 	C:\WINDOWS\System32\msvcp_win.dll
0x00007ff823730000 - 0x00007ff82373a000 	C:\WINDOWS\SYSTEM32\VERSION.dll
0x00007ff82e1b0000 - 0x00007ff82e1e1000 	C:\WINDOWS\System32\IMM32.DLL
0x00007ff804070000 - 0x00007ff80407c000 	C:\Program Files\Java\jdk-17\bin\vcruntime140_1.dll
0x00007fff7d2d0000 - 0x00007fff7d35e000 	C:\Program Files\Java\jdk-17\bin\msvcp140.dll
0x00007fff53970000 - 0x00007fff5454e000 	C:\Program Files\Java\jdk-17\bin\server\jvm.dll
0x00007ff82e4a0000 - 0x00007ff82e4a8000 	C:\WINDOWS\System32\PSAPI.DLL
0x00007ff81bfe0000 - 0x00007ff81bfe9000 	C:\WINDOWS\SYSTEM32\WSOCK32.dll
0x00007ff824fb0000 - 0x00007ff824fe4000 	C:\WINDOWS\SYSTEM32\WINMM.dll
0x00007ff8302d0000 - 0x00007ff830341000 	C:\WINDOWS\System32\WS2_32.dll
0x00007ff82c6d0000 - 0x00007ff82c6e8000 	C:\WINDOWS\SYSTEM32\kernel.appcore.dll
0x00007ff8037a0000 - 0x00007ff8037aa000 	C:\Program Files\Java\jdk-17\bin\jimage.dll
0x00007ff82b0d0000 - 0x00007ff82b303000 	C:\WINDOWS\SYSTEM32\DBGHELP.DLL
0x00007ff82e540000 - 0x00007ff82e8c9000 	C:\WINDOWS\System32\combase.dll
0x00007ff82f370000 - 0x00007ff82f447000 	C:\WINDOWS\System32\OLEAUT32.dll
0x00007ff81f630000 - 0x00007ff81f662000 	C:\WINDOWS\SYSTEM32\dbgcore.DLL
0x00007ff82dbe0000 - 0x00007ff82dc5a000 	C:\WINDOWS\System32\bcryptPrimitives.dll
0x00007ffffc9d0000 - 0x00007ffffc9de000 	C:\Program Files\Java\jdk-17\bin\instrument.dll
0x00007ffffa8b0000 - 0x00007ffffa8d5000 	C:\Program Files\Java\jdk-17\bin\java.dll
0x00007fff7d1f0000 - 0x00007fff7d2c7000 	C:\Program Files\Java\jdk-17\bin\jsvml.dll
0x00007ff82e960000 - 0x00007ff82f1ba000 	C:\WINDOWS\System32\SHELL32.dll
0x00007ff82b470000 - 0x00007ff82bd66000 	C:\WINDOWS\SYSTEM32\windows.storage.dll
0x00007ff82bd90000 - 0x00007ff82bece000 	C:\WINDOWS\SYSTEM32\wintypes.dll
0x00007ff82fbd0000 - 0x00007ff82fcc3000 	C:\WINDOWS\System32\SHCORE.dll
0x00007ff82e440000 - 0x00007ff82e49e000 	C:\WINDOWS\System32\shlwapi.dll
0x00007ff82d600000 - 0x00007ff82d626000 	C:\WINDOWS\SYSTEM32\profapi.dll
0x00007ffff2930000 - 0x00007ffff2948000 	C:\Program Files\Java\jdk-17\bin\zip.dll
0x00007ffff8c10000 - 0x00007ffff8c29000 	C:\Program Files\Java\jdk-17\bin\net.dll
0x00007ff8254b0000 - 0x00007ff8255e7000 	C:\WINDOWS\SYSTEM32\WINHTTP.dll
0x00007ff82cb80000 - 0x00007ff82cbe9000 	C:\WINDOWS\system32\mswsock.dll
0x00007ffff3b40000 - 0x00007ffff3b56000 	C:\Program Files\Java\jdk-17\bin\nio.dll
0x00007ffff2910000 - 0x00007ffff292a000 	C:\Program Files\JetBrains\IntelliJ IDEA Educational Edition 2022.2.2\bin\breakgen64.dll
0x00007ff8024a0000 - 0x00007ff8024b0000 	C:\Program Files\Java\jdk-17\bin\verify.dll
0x00007ff82c160000 - 0x00007ff82c18d000 	C:\WINDOWS\SYSTEM32\IPHLPAPI.DLL
0x00007ff82e8d0000 - 0x00007ff82e8d9000 	C:\WINDOWS\System32\NSI.dll
0x00007ff824f90000 - 0x00007ff824fa9000 	C:\WINDOWS\SYSTEM32\dhcpcsvc6.DLL
0x00007ff824e30000 - 0x00007ff824e4f000 	C:\WINDOWS\SYSTEM32\dhcpcsvc.DLL
0x00007ff82c190000 - 0x00007ff82c289000 	C:\WINDOWS\SYSTEM32\DNSAPI.dll
0x00007ff826f10000 - 0x00007ff826f1a000 	C:\Windows\System32\rasadhlp.dll
0x00007ff824310000 - 0x00007ff824393000 	C:\WINDOWS\System32\fwpuclnt.dll
0x00007ff828ae0000 - 0x00007ff828aea000 	C:\Program Files\Java\jdk-17\bin\management.dll
0x00007ffffe400000 - 0x00007ffffe40b000 	C:\Program Files\Java\jdk-17\bin\management_ext.dll
0x00007ffff21f0000 - 0x00007ffff2207000 	C:\WINDOWS\system32\napinsp.dll
0x00007ffff21d0000 - 0x00007ffff21eb000 	C:\WINDOWS\system32\pnrpnsp.dll
0x00007ffff21b0000 - 0x00007ffff21c1000 	C:\WINDOWS\System32\winrnr.dll
0x00007ff824ad0000 - 0x00007ff824ae5000 	C:\WINDOWS\system32\wshbth.dll
0x00007ffff2180000 - 0x00007ffff21a1000 	C:\WINDOWS\system32\nlansp_c.dll

dbghelp: loaded successfully - version: 4.0.5 - missing functions: none
symbol engine: initialized successfully - sym options: 0x614 - pdb path: .;C:\Program Files\Java\jdk-17\bin;C:\WINDOWS\SYSTEM32;C:\Program Files\Avast Software\Avast;C:\WINDOWS\WinSxS\amd64_microsoft.windows.common-controls_6595b64144ccf1df_6.0.22621.2506_none_270c5ae97388e100;C:\Program Files\Java\jdk-17\bin\server;C:\Program Files\JetBrains\IntelliJ IDEA Educational Edition 2022.2.2\bin

VM Arguments:
jvm_args: -javaagent:C:\Program Files\JetBrains\IntelliJ IDEA Educational Edition 2022.2.2\lib\idea_rt.jar=55921:C:\Program Files\JetBrains\IntelliJ IDEA Educational Edition 2022.2.2\bin -Dfile.encoding=UTF-8 
java_command: com.lira.eurekaserver.EurekaserverApplication
java_class_path (initial): C:\Workspace\eureka\eurekaserver\target\classes;C:\Users\Zelto Lira\.m2\repository\org\springframework\cloud\spring-cloud-starter-netflix-eureka-server\3.1.1\spring-cloud-starter-netflix-eureka-server-3.1.1.jar;C:\Users\Zelto Lira\.m2\repository\org\springframework\cloud\spring-cloud-starter\3.1.1\spring-cloud-starter-3.1.1.jar;C:\Users\Zelto Lira\.m2\repository\org\springframework\cloud\spring-cloud-context\3.1.1\spring-cloud-context-3.1.1.jar;C:\Users\Zelto Lira\.m2\repository\org\springframework\security\spring-security-crypto\5.6.2\spring-security-crypto-5.6.2.jar;C:\Users\Zelto Lira\.m2\repository\org\springframework\cloud\spring-cloud-commons\3.1.1\spring-cloud-commons-3.1.1.jar;C:\Users\Zelto Lira\.m2\repository\org\springframework\security\spring-security-rsa\1.0.10.RELEASE\spring-security-rsa-1.0.10.RELEASE.jar;C:\Users\Zelto Lira\.m2\repository\org\bouncycastle\bcpkix-jdk15on\1.68\bcpkix-jdk15on-1.68.jar;C:\Users\Zelto Lira\.m2\repository\org\bouncycastle\bcprov-jdk15on\1.68\bcprov-jdk15on-1.68.jar;C:\Users\Zelto Lira\.m2\repository\org\springframework\cloud\spring-cloud-netflix-eureka-server\3.1.1\spring-cloud-netflix-eureka-server-3.1.1.jar;C:\Users\Zelto Lira\.m2\repository\org\springframework\boot\spring-boot-starter-web\2.6.4\spring-boot-starter-web-2.6.4.jar;C:\Users\Zelto Lira\.m2\repository\org\springframework\boot\spring-boot-starter-json\2.6.4\spring-boot-starter-json-2.6.4.jar;C:\Users\Zelto Lira\.m2\repository\com\fasterxml\jackson\datatype\jackson-datatype-jdk8\2.13.1\jackson-datatype-jdk8-2.13.1.jar;C:\Users\Zelto Lira\.m2\repository\com\fasterxml\jackson\datatype\jackson-datatype-jsr310\2.13.1\jackson-datatype-jsr310-2.13.1.jar;C:\Users\Zelto Lira\.m2\repository\com\fasterxml\jackson\module\jackson-module-parameter-names\2.13.1\jackson-module-parameter-names-2.13.1.jar;C:\Users\Zelto Lira\.m2\repository\org\springframework\boot\spring-boot-starter-tomcat\2.6.4\spring-boot-starter-tomcat-2.6.4.jar;C:\Users\Zelto L
Launcher Type: SUN_STANDARD

[Global flags]
     intx CICompilerCount                          = 12                                        {product} {ergonomic}
     uint ConcGCThreads                            = 3                                         {product} {ergonomic}
     uint G1ConcRefinementThreads                  = 13                                        {product} {ergonomic}
   size_t G1HeapRegionSize                         = 1048576                                   {product} {ergonomic}
    uintx GCDrainStackTargetSize                   = 64                                        {product} {ergonomic}
   size_t InitialHeapSize                          = 98566144                                  {product} {ergonomic}
   size_t MarkStackSize                            = 4194304                                   {product} {ergonomic}
   size_t MaxHeapSize                              = 1574961152                                {product} {ergonomic}
   size_t MaxNewSize                               = 944766976                                 {product} {ergonomic}
   size_t MinHeapDeltaBytes                        = 1048576                                   {product} {ergonomic}
   size_t MinHeapSize                              = 8388608                                   {product} {ergonomic}
    uintx NonNMethodCodeHeapSize                   = 7602480                                {pd product} {ergonomic}
    uintx NonProfiledCodeHeapSize                  = 122027880                              {pd product} {ergonomic}
    uintx ProfiledCodeHeapSize                     = 122027880                              {pd product} {ergonomic}
    uintx ReservedCodeCacheSize                    = 251658240                              {pd product} {ergonomic}
     bool SegmentedCodeCache                       = true                                      {product} {ergonomic}
   size_t SoftMaxHeapSize                          = 1574961152                             {manageable} {ergonomic}
     bool UseCompressedClassPointers               = true                           {product lp64_product} {ergonomic}
     bool UseCompressedOops                        = true                           {product lp64_product} {ergonomic}
     bool UseG1GC                                  = true                                      {product} {ergonomic}
     bool UseLargePagesIndividualAllocation        = false                                  {pd product} {ergonomic}

Logging:
Log output configuration:
 #0: stdout all=warning uptime,level,tags
 #1: stderr all=off uptime,level,tags

Environment Variables:
JAVA_HOME=C:\Program Files\Java\jdk-17
PATH=C:\Program Files\Common Files\Oracle\Java\javapath;C:\WINDOWS\system32;C:\WINDOWS;C:\WINDOWS\System32\Wbem;C:\WINDOWS\System32\WindowsPowerShell\v1.0\;C:\WINDOWS\System32\OpenSSH\;C:\Program Files\Java\jdk-11\bin;C:\Program Files\Git\cmd;C:\Program Files\Docker\Docker\resources\bin;C:\Users\Zelto Lira\AppData\Local\Microsoft\WindowsApps;C:\apache-maven-3.9.3\bin;C:\Program Files\JetBrains\IntelliJ IDEA Educational Edition 2022.2.2\bin;C:\Program Files\Java\jdk-17\bin;;C:\Program Files\Java\jdk-17\bin;
USERNAME=Zelto Lira
OS=Windows_NT
PROCESSOR_IDENTIFIER=AMD64 Family 23 Model 104 Stepping 1, AuthenticAMD



---------------  S Y S T E M  ---------------

OS:
 Windows 11 , 64 bit Build 22621 (10.0.22621.2506)
OS uptime: 2 days 14:38 hours
Hyper-V role detected

CPU: total 16 (initial active 16) (16 cores per cpu, 2 threads per core) family 23 model 104 stepping 1 microcode 0x0, cx8, cmov, fxsr, ht, mmx, 3dnowpref, sse, sse2, sse3, ssse3, sse4a, sse4.1, sse4.2, popcnt, lzcnt, tsc, tscinvbit, avx, avx2, aes, clmul, bmi1, bmi2, adx, sha, fma, vzeroupper, clflush, clflushopt, hv

Memory: 4k page, system-wide physical 6005M (163M free)
TotalPageFile size 24437M (AvailPageFile size 1M)
current process WorkingSet (physical memory assigned to process): 108M, peak: 108M
current process commit charge ("private bytes"): 218M, peak: 218M

vm_info: Java HotSpot(TM) 64-Bit Server VM (17.0.8+9-LTS-211) for windows-amd64 JRE (17.0.8+9-LTS-211), built on Jun 14 2023 10:34:31 by "mach5one" with MS VC++ 17.1 (VS2022)

END.
